<?xml version="1.0" encoding="UTF-8"?>
<testng-results skipped="0" failed="0" total="2" passed="2">
  <reporter-output>
  </reporter-output>
  <suite name="Default suite" duration-ms="85402" started-at="2018-11-18T13:06:08Z" finished-at="2018-11-18T13:07:34Z">
    <groups>
    </groups>
    <test name="Default test" duration-ms="85402" started-at="2018-11-18T13:06:08Z" finished-at="2018-11-18T13:07:34Z">
      <class name="TestAutomationTasks.Shein">
        <test-method status="PASS" signature="setUp()[pri:0, instance:TestAutomationTasks.Shein@82f6ef]" name="setUp" is-config="true" duration-ms="9847" started-at="2018-11-18T15:05:59Z" finished-at="2018-11-18T15:06:08Z">
          <reporter-output>
          </reporter-output>
        </test-method> <!-- setUp -->
        <test-method status="PASS" signature="invalidSignUp()[pri:1, instance:TestAutomationTasks.Shein@82f6ef]" name="invalidSignUp" duration-ms="46634" started-at="2018-11-18T15:06:08Z" finished-at="2018-11-18T15:06:55Z">
          <reporter-output>
          </reporter-output>
        </test-method> <!-- invalidSignUp -->
        <test-method status="PASS" signature="invalidSignIn()[pri:2, instance:TestAutomationTasks.Shein@82f6ef]" name="invalidSignIn" duration-ms="38712" started-at="2018-11-18T15:06:55Z" finished-at="2018-11-18T15:07:34Z">
          <reporter-output>
          </reporter-output>
        </test-method> <!-- invalidSignIn -->
        <test-method status="PASS" signature="tearDown()[pri:0, instance:TestAutomationTasks.Shein@82f6ef]" name="tearDown" is-config="true" duration-ms="2483" started-at="2018-11-18T15:07:34Z" finished-at="2018-11-18T15:07:37Z">
          <reporter-output>
          </reporter-output>
        </test-method> <!-- tearDown -->
      </class> <!-- TestAutomationTasks.Shein -->
    </test> <!-- Default test -->
  </suite> <!-- Default suite -->
</testng-results>
